{"/Users/jsaenz/Documents/mercadolibre_frontend/src/common/components/HeaderSearch/index.js": {"path":"/Users/jsaenz/Documents/mercadolibre_frontend/src/common/components/HeaderSearch/index.js","statementMap":{"0":{"start":{"line":18,"column":19},"end":{"line":18,"column":25}},"1":{"start":{"line":19,"column":19},"end":{"line":19,"column":24}},"2":{"start":{"line":27,"column":4},"end":{"line":27,"column":17}},"3":{"start":{"line":29,"column":4},"end":{"line":29,"column":51}},"4":{"start":{"line":33,"column":4},"end":{"line":33,"column":49}},"5":{"start":{"line":37,"column":4},"end":{"line":54,"column":6}}},"fnMap":{"0":{"name":"(anonymous_0)","decl":{"start":{"line":26,"column":2},"end":{"line":26,"column":3}},"loc":{"start":{"line":26,"column":21},"end":{"line":30,"column":3}},"line":26},"1":{"name":"(anonymous_1)","decl":{"start":{"line":32,"column":2},"end":{"line":32,"column":3}},"loc":{"start":{"line":32,"column":21},"end":{"line":34,"column":3}},"line":32},"2":{"name":"(anonymous_2)","decl":{"start":{"line":36,"column":2},"end":{"line":36,"column":3}},"loc":{"start":{"line":36,"column":11},"end":{"line":55,"column":3}},"line":36}},"branchMap":{},"s":{"0":1,"1":1,"2":0,"3":0,"4":0,"5":0},"f":{"0":0,"1":0,"2":0},"b":{},"_coverageSchema":"1a1c01bbd47fc00a2c39e90264f33305004495a9","hash":"942a81dbe8dbf6607d19916e0d28f17abadee84f"}
}
